<?xml version="1.0" encoding="UTF-8"?>
<!-- Generated by org.testng.reporters.JUnitReportReporter -->
<testsuite hostname="GURU" failures="0" tests="1" name="recon.test.ReconTestExecution" time="0.235" errors="0" timestamp="2024-07-25T13:55:13 IST" skipped="0">
  <testcase classname="recon.test.ReconTestExecution" name="validateEntryCount" time="0.235"/>
  <system-out/>
</testsuite> <!-- recon.test.ReconTestExecution -->
