<?xml version="1.0" encoding="UTF-8"?>
<!-- Generated by org.testng.reporters.JUnitReportReporter -->
<testsuite hostname="GURU" failures="0" tests="1" name="recon.test.ReconTestExecution" time="0.852" errors="0" timestamp="2024-08-02T18:31:01 IST" skipped="0">
  <testcase classname="recon.test.ReconTestExecution" name="execute" time="0.852"/>
  <system-out/>
</testsuite> <!-- recon.test.ReconTestExecution -->
