<?xml version="1.0" encoding="UTF-8"?>
<!-- Generated by org.testng.reporters.JUnitReportReporter -->
<testsuite hostname="GURU" failures="0" tests="1" name="simulator.resoucrse.EncodeToBase64" time="0.207" errors="0" timestamp="2024-07-03T16:47:08 IST" skipped="0">
  <testcase classname="simulator.resoucrse.EncodeToBase64" name="encodeLedger" time="0.207"/>
  <system-out/>
</testsuite> <!-- simulator.resoucrse.EncodeToBase64 -->
