<?xml version="1.0" encoding="UTF-8"?>
<!-- Generated by org.testng.reporters.JUnitReportReporter -->
<testsuite hostname="GURU" failures="0" tests="1" name="recon.test.ReconTestExecution" time="1.203" errors="0" timestamp="2024-08-28T15:42:18 IST" skipped="0">
  <testcase classname="recon.test.ReconTestExecution" name="execute" time="1.203"/>
  <system-out/>
</testsuite> <!-- recon.test.ReconTestExecution -->
