<?xml version="1.0" encoding="UTF-8"?>
<!-- Generated by org.testng.reporters.JUnitReportReporter -->
<testsuite hostname="GURU" failures="0" tests="1" name="recon.test.TestCaseBatchExecution" time="0.203" errors="0" timestamp="2024-07-31T16:05:13 IST" skipped="0">
  <testcase classname="recon.test.TestCaseBatchExecution" name="batch1" time="0.203"/>
  <system-out/>
</testsuite> <!-- recon.test.TestCaseBatchExecution -->
