<?xml version="1.0" encoding="UTF-8"?>
<!-- Generated by org.testng.reporters.JUnitReportReporter -->
<testsuite hostname="GURU" failures="0" tests="1" name="recon.datafetcher.GetVanCollects" time="6.174" errors="0" timestamp="2024-08-19T11:09:44 IST" skipped="0">
  <testcase classname="recon.datafetcher.GetVanCollects" name="call" time="6.174"/>
  <system-out/>
</testsuite> <!-- recon.datafetcher.GetVanCollects -->
