<?xml version="1.0" encoding="UTF-8"?>
<!-- Generated by org.testng.reporters.JUnitReportReporter -->
<testsuite hostname="GURU" failures="0" tests="1" name="recon.datafetcher.CRN_Fetch" time="4.751" errors="0" timestamp="2024-08-16T15:23:01 IST" skipped="0">
  <testcase classname="recon.datafetcher.CRN_Fetch" name="fetch_crn_payoutlog" time="4.751"/>
  <system-out/>
</testsuite> <!-- recon.datafetcher.CRN_Fetch -->
