<?xml version="1.0" encoding="UTF-8"?>
<!-- Generated by org.testng.reporters.JUnitReportReporter -->
<testsuite hostname="GURU" failures="0" tests="1" name="Simulators.BankStatementSimulator" time="0.031" errors="0" timestamp="2024-07-05T15:44:06 IST" skipped="0">
  <testcase classname="Simulators.BankStatementSimulator" name="sendToBank" time="0.031"/>
  <system-out/>
</testsuite> <!-- Simulators.BankStatementSimulator -->
