<?xml version="1.0" encoding="UTF-8"?>
<!-- Generated by org.testng.reporters.JUnitReportReporter -->
<testsuite hostname="GURU" failures="0" tests="1" name="simulator.resoucrse.Encode_DecodeUsingBase64" time="0.299" errors="0" timestamp="2024-07-03T18:27:17 IST" skipped="0">
  <testcase classname="simulator.resoucrse.Encode_DecodeUsingBase64" name="decodeLedger" time="0.299"/>
  <system-out/>
</testsuite> <!-- simulator.resoucrse.Encode_DecodeUsingBase64 -->
