<?xml version="1.0" encoding="UTF-8"?>
<!-- Generated by org.testng.reporters.JUnitReportReporter -->
<testsuite hostname="GURU" failures="0" tests="1" name="recon.datafetcher.GetVanCollects" time="5.508" errors="0" timestamp="2024-08-28T10:43:16 IST" skipped="0">
  <testcase classname="recon.datafetcher.GetVanCollects" name="call" time="5.508"/>
  <system-out/>
</testsuite> <!-- recon.datafetcher.GetVanCollects -->
