<?xml version="1.0" encoding="UTF-8"?>
<!-- Generated by org.testng.reporters.JUnitReportReporter -->
<testsuite hostname="GURU" failures="0" tests="1" name="Simulators.PayoutSimulator" time="1.303" errors="0" timestamp="2024-07-05T13:43:29 IST" skipped="0">
  <testcase classname="Simulators.PayoutSimulator" name="impsPayout" time="1.303"/>
  <system-out/>
</testsuite> <!-- Simulators.PayoutSimulator -->
